# JRE version: OpenJDK Runtime Environment (8.0_202-b03) (build 1.8.0_202-release-1483-b03)
# Java VM: OpenJDK 64-Bit Server VM (25.202-b03 mixed mode windows-amd64 compressed oops)
Heap:
 PSYoungGen      total 218624K, used 65022K [0x00000000e0000000, 0x00000000f2400000, 0x0000000100000000)
  eden space 165376K, 29% used [0x00000000e0000000,0x00000000e2f1e808,0x00000000ea180000)
  from space 53248K, 31% used [0x00000000ea180000,0x00000000eb1e1120,0x00000000ed580000)
  to   space 53248K, 0% used [0x00000000ef000000,0x00000000ef000000,0x00000000f2400000)
 ParOldGen       total 190464K, used 52833K [0x00000000a0000000, 0x00000000aba00000, 0x00000000e0000000)
  object space 190464K, 27% used [0x00000000a0000000,0x00000000a33985e8,0x00000000aba00000)
 Metaspace       used 89675K, capacity 93890K, committed 98380K, reserved 1134592K
  class space    used 11177K, capacity 11960K, committed 12928K, reserved 1048576K
GC Heap History (10 events):
Event: 6904.132 GC heap before
{Heap before GC invocations=43 (full 3):
 PSYoungGen      total 189440K, used 176289K [0x00000000e0000000, 0x00000000efd00000, 0x0000000100000000)
  eden space 138240K, 100% used [0x00000000e0000000,0x00000000e8700000,0x00000000e8700000)
  from space 51200K, 74% used [0x00000000e8700000,0x00000000eac28590,0x00000000eb900000)
  to   space 52224K, 0% used [0x00000000eca00000,0x00000000eca00000,0x00000000efd00000)
 ParOldGen       total 153088K, used 66477K [0x00000000a0000000, 0x00000000a9580000, 0x00000000e0000000)
  object space 153088K, 43% used [0x00000000a0000000,0x00000000a40eb710,0x00000000a9580000)
 Metaspace       used 90834K, capacity 97826K, committed 98136K, reserved 1134592K
  class space    used 11607K, capacity 12840K, committed 12928K, reserved 1048576K
Event: 6904.184 GC heap after
Heap after GC invocations=43 (full 3):
 PSYoungGen      total 203776K, used 45277K [0x00000000e0000000, 0x00000000f0280000, 0x0000000100000000)
  eden space 151552K, 0% used [0x00000000e0000000,0x00000000e0000000,0x00000000e9400000)
  from space 52224K, 86% used [0x00000000eca00000,0x00000000ef6377b8,0x00000000efd00000)
  to   space 55296K, 0% used [0x00000000e9400000,0x00000000e9400000,0x00000000eca00000)
 ParOldGen       total 153088K, used 66485K [0x00000000a0000000, 0x00000000a9580000, 0x00000000e0000000)
  object space 153088K, 43% used [0x00000000a0000000,0x00000000a40ed710,0x00000000a9580000)
 Metaspace       used 90834K, capacity 97826K, committed 98136K, reserved 1134592K
  class space    used 11607K, capacity 12840K, committed 12928K, reserved 1048576K
}
Event: 6944.881 GC heap before
{Heap before GC invocations=44 (full 3):
 PSYoungGen      total 203776K, used 196829K [0x00000000e0000000, 0x00000000f0280000, 0x0000000100000000)
  eden space 151552K, 100% used [0x00000000e0000000,0x00000000e9400000,0x00000000e9400000)
  from space 52224K, 86% used [0x00000000eca00000,0x00000000ef6377b8,0x00000000efd00000)
  to   space 55296K, 0% used [0x00000000e9400000,0x00000000e9400000,0x00000000eca00000)
 ParOldGen       total 153088K, used 66485K [0x00000000a0000000, 0x00000000a9580000, 0x00000000e0000000)
  object space 153088K, 43% used [0x00000000a0000000,0x00000000a40ed710,0x00000000a9580000)
 Metaspace       used 91430K, capacity 98370K, committed 98380K, reserved 1134592K
  class space    used 11671K, capacity 12922K, committed 12928K, reserved 1048576K
Event: 6944.913 GC heap after
Heap after GC invocations=44 (full 3):
 PSYoungGen      total 206848K, used 27424K [0x00000000e0000000, 0x00000000f0a00000, 0x0000000100000000)
  eden space 151552K, 0% used [0x00000000e0000000,0x00000000e0000000,0x00000000e9400000)
  from space 55296K, 49% used [0x00000000e9400000,0x00000000eaec8190,0x00000000eca00000)
  to   space 53760K, 0% used [0x00000000ed580000,0x00000000ed580000,0x00000000f0a00000)
 ParOldGen       total 153088K, used 66493K [0x00000000a0000000, 0x00000000a9580000, 0x00000000e0000000)
  object space 153088K, 43% used [0x00000000a0000000,0x00000000a40ef710,0x00000000a9580000)
 Metaspace       used 91430K, capacity 98370K, committed 98380K, reserved 1134592K
  class space    used 11671K, capacity 12922K, committed 12928K, reserved 1048576K
}
Event: 6945.214 GC heap before
{Heap before GC invocations=45 (full 3):
 PSYoungGen      total 206848K, used 51580K [0x00000000e0000000, 0x00000000f0a00000, 0x0000000100000000)
  eden space 151552K, 15% used [0x00000000e0000000,0x00000000e1797268,0x00000000e9400000)
  from space 55296K, 49% used [0x00000000e9400000,0x00000000eaec8190,0x00000000eca00000)
  to   space 53760K, 0% used [0x00000000ed580000,0x00000000ed580000,0x00000000f0a00000)
 ParOldGen       total 153088K, used 66493K [0x00000000a0000000, 0x00000000a9580000, 0x00000000e0000000)
  object space 153088K, 43% used [0x00000000a0000000,0x00000000a40ef710,0x00000000a9580000)
 Metaspace       used 91448K, capacity 98372K, committed 98380K, reserved 1134592K
  class space    used 11672K, capacity 12923K, committed 12928K, reserved 1048576K
Event: 6945.265 GC heap after
Heap after GC invocations=45 (full 3):
 PSYoungGen      total 219136K, used 23136K [0x00000000e0000000, 0x00000000f1400000, 0x0000000100000000)
  eden space 165376K, 0% used [0x00000000e0000000,0x00000000e0000000,0x00000000ea180000)
  from space 53760K, 43% used [0x00000000ed580000,0x00000000eec183d8,0x00000000f0a00000)
  to   space 53248K, 0% used [0x00000000ea180000,0x00000000ea180000,0x00000000ed580000)
 ParOldGen       total 153088K, used 70436K [0x00000000a0000000, 0x00000000a9580000, 0x00000000e0000000)
  object space 153088K, 46% used [0x00000000a0000000,0x00000000a44c90d0,0x00000000a9580000)
 Metaspace       used 91448K, capacity 98372K, committed 98380K, reserved 1134592K
  class space    used 11672K, capacity 12923K, committed 12928K, reserved 1048576K
}
Event: 6945.265 GC heap before
{Heap before GC invocations=46 (full 4):
 PSYoungGen      total 219136K, used 23136K [0x00000000e0000000, 0x00000000f1400000, 0x0000000100000000)
  eden space 165376K, 0% used [0x00000000e0000000,0x00000000e0000000,0x00000000ea180000)
  from space 53760K, 43% used [0x00000000ed580000,0x00000000eec183d8,0x00000000f0a00000)
  to   space 53248K, 0% used [0x00000000ea180000,0x00000000ea180000,0x00000000ed580000)
 ParOldGen       total 153088K, used 70436K [0x00000000a0000000, 0x00000000a9580000, 0x00000000e0000000)
  object space 153088K, 46% used [0x00000000a0000000,0x00000000a44c90d0,0x00000000a9580000)
 Metaspace       used 91448K, capacity 98372K, committed 98380K, reserved 1134592K
  class space    used 11672K, capacity 12923K, committed 12928K, reserved 1048576K
Event: 6945.756 GC heap after
Heap after GC invocations=46 (full 4):
 PSYoungGen      total 219136K, used 0K [0x00000000e0000000, 0x00000000f1400000, 0x0000000100000000)
  eden space 165376K, 0% used [0x00000000e0000000,0x00000000e0000000,0x00000000ea180000)
  from space 53760K, 0% used [0x00000000ed580000,0x00000000ed580000,0x00000000f0a00000)
  to   space 53248K, 0% used [0x00000000ea180000,0x00000000ea180000,0x00000000ed580000)
 ParOldGen       total 190464K, used 52825K [0x00000000a0000000, 0x00000000aba00000, 0x00000000e0000000)
  object space 190464K, 27% used [0x00000000a0000000,0x00000000a33965e8,0x00000000aba00000)
 Metaspace       used 89511K, capacity 93676K, committed 98380K, reserved 1134592K
  class space    used 11173K, capacity 11957K, committed 12928K, reserved 1048576K
}
Event: 6948.885 GC heap before
{Heap before GC invocations=47 (full 4):
 PSYoungGen      total 219136K, used 165376K [0x00000000e0000000, 0x00000000f1400000, 0x0000000100000000)
  eden space 165376K, 100% used [0x00000000e0000000,0x00000000ea180000,0x00000000ea180000)
  from space 53760K, 0% used [0x00000000ed580000,0x00000000ed580000,0x00000000f0a00000)
  to   space 53248K, 0% used [0x00000000ea180000,0x00000000ea180000,0x00000000ed580000)
 ParOldGen       total 190464K, used 52825K [0x00000000a0000000, 0x00000000aba00000, 0x00000000e0000000)
  object space 190464K, 27% used [0x00000000a0000000,0x00000000a33965e8,0x00000000aba00000)
 Metaspace       used 89658K, capacity 93878K, committed 98380K, reserved 1134592K
  class space    used 11175K, capacity 11958K, committed 12928K, reserved 1048576K
Event: 6948.904 GC heap after
Heap after GC invocations=47 (full 4):
 PSYoungGen      total 218624K, used 16772K [0x00000000e0000000, 0x00000000f2400000, 0x0000000100000000)
  eden space 165376K, 0% used [0x00000000e0000000,0x00000000e0000000,0x00000000ea180000)
  from space 53248K, 31% used [0x00000000ea180000,0x00000000eb1e1120,0x00000000ed580000)
  to   space 53248K, 0% used [0x00000000ef000000,0x00000000ef000000,0x00000000f2400000)
 ParOldGen       total 190464K, used 52833K [0x00000000a0000000, 0x00000000aba00000, 0x00000000e0000000)
  object space 190464K, 27% used [0x00000000a0000000,0x00000000a33985e8,0x00000000aba00000)
 Metaspace       used 89658K, capacity 93878K, committed 98380K, reserved 1134592K
  class space    used 11175K, capacity 11958K, committed 12928K, reserved 1048576K
}

